<?xml version="1.0" encoding="UTF-8"?>
<!-- Generated by org.testng.reporters.JUnitReportReporter -->
<testsuite hostname="Sonaji" failures="0" tests="7" name="com.Test.Admin_UserManagement_Test" time="83.389" errors="0" timestamp="2024-07-29T22:26:18 IST" skipped="0">
  <testcase classname="com.Test.Admin_UserManagement_Test" name="verifySearchFunctionalityUsingValidUserName" time="12.660"/>
  <system-out/>
  <testcase classname="com.Test.Admin_UserManagement_Test" name="verifySearchFunctionalityUsingInvalidUserName" time="13.847"/>
  <system-out/>
  <testcase classname="com.Test.Admin_UserManagement_Test" name="verifySearchFunctionalityUsingValidUserRole" time="12.035"/>
  <system-out/>
  <testcase classname="com.Test.Admin_UserManagement_Test" name="verifySearchFunctionalityUsingValidEmployeeHintName" time="12.152"/>
  <system-out/>
  <testcase classname="com.Test.Admin_UserManagement_Test" name="verifySearchFunctionalityUsingStatus" time="6.757"/>
  <system-out/>
  <testcase classname="com.Test.Admin_UserManagement_Test" name="verifySearchFunctionalityUsingCombinationOfAllValidFields" time="6.636"/>
  <system-out/>
  <testcase classname="com.Test.Admin_UserManagement_Test" name="addAndVerifyUserUsingAllMandatoryFields" time="19.302"/>
  <system-out/>
</testsuite> <!-- com.Test.Admin_UserManagement_Test -->
